DEBUG:root:Validating: testGetCustomerForValidTN
DEBUG:root:Validating: http://services.groupkt.com/country/get/iso2code/US
INFO:requests.packages.urllib3.connectionpool:Starting new HTTP connection (1): localhost
DEBUG:requests.packages.urllib3.connectionpool:"GET /weatherDetails HTTP/1.1" 200 None
DEBUG:root: Request:http://services.groupkt.com/country/get/iso2code/US
DEBUG:root: Response:<Response [200]>
DEBUG:root:Validating: testGetCustomerForValidTN
DEBUG:root:Validating: http://services.groupkt.com/country/get/iso2code/US
INFO:requests.packages.urllib3.connectionpool:Starting new HTTP connection (1): localhost
DEBUG:requests.packages.urllib3.connectionpool:"GET /weatherDetails HTTP/1.1" 200 None
DEBUG:root: Request:http://services.groupkt.com/country/get/iso2code/US
DEBUG:root: Response:<Response [200]>
DEBUG:root:Validating: test_isupper
DEBUG:root:Validating: http://services.groupkt.com/country/get/iso2code/US
DEBUG:root: Request:http://services.groupkt.com/country/get/iso2code/US
DEBUG:root:Validating: test_split
DEBUG:root:Validating: http://services.groupkt.com/country/get/iso2code/US
DEBUG:root: Request:http://services.groupkt.com/country/get/iso2code/US
DEBUG:root:Validating: test_upper
DEBUG:root:Validating: http://services.groupkt.com/country/get/iso2code/US
DEBUG:root: Request:http://services.groupkt.com/country/get/iso2code/US
DEBUG:root:Validating: testGetCustomerForValidTN
DEBUG:root:Validating: http://services.groupkt.com/country/get/iso2code/US
INFO:requests.packages.urllib3.connectionpool:Starting new HTTP connection (1): localhost
DEBUG:requests.packages.urllib3.connectionpool:"GET /weatherDetails HTTP/1.1" 200 None
DEBUG:root: Request:
DEBUG:root: Response:
DEBUG:root:Validating: test_isupper
DEBUG:root:Validating: http://services.groupkt.com/country/get/iso2code/US
DEBUG:root: Request:
DEBUG:root: Response:
DEBUG:root:Validating: test_split
DEBUG:root:Validating: http://services.groupkt.com/country/get/iso2code/US
DEBUG:root: Request:
DEBUG:root: Response:
DEBUG:root:Validating: test_upper
DEBUG:root:Validating: http://services.groupkt.com/country/get/iso2code/US
DEBUG:root: Request:
DEBUG:root: Response:
DEBUG:root:Validating: testGetCustomerForValidTN
DEBUG:root:Validating: http://services.groupkt.com/country/get/iso2code/US
INFO:requests.packages.urllib3.connectionpool:Starting new HTTP connection (1): localhost
DEBUG:requests.packages.urllib3.connectionpool:"GET /weatherDetails HTTP/1.1" 200 None
DEBUG:root: Request:
DEBUG:root: Response:
DEBUG:root:Validating: test_isupper
DEBUG:root:Validating: http://services.groupkt.com/country/get/iso2code/US
DEBUG:root: Request:
DEBUG:root: Response:
DEBUG:root:Validating: test_split
DEBUG:root:Validating: http://services.groupkt.com/country/get/iso2code/US
DEBUG:root: Request:
DEBUG:root: Response:
DEBUG:root:Validating: test_upper
DEBUG:root:Validating: http://services.groupkt.com/country/get/iso2code/US
DEBUG:root: Request:
DEBUG:root: Response:
DEBUG:root:Validating: testGetCustomerForValidTN
DEBUG:root:Validating: http://services.groupkt.com/country/get/iso2code/US
INFO:requests.packages.urllib3.connectionpool:Starting new HTTP connection (1): localhost
DEBUG:requests.packages.urllib3.connectionpool:"GET /weatherDetails HTTP/1.1" 200 None
DEBUG:root: Request:
DEBUG:root: Response:
DEBUG:root:Validating: test_isupper
DEBUG:root:Validating: http://services.groupkt.com/country/get/iso2code/US
DEBUG:root: Request:
DEBUG:root: Response:
DEBUG:root:Validating: test_split
DEBUG:root:Validating: http://services.groupkt.com/country/get/iso2code/US
DEBUG:root: Request:
DEBUG:root: Response:
DEBUG:root:Validating: test_upper
DEBUG:root:Validating: http://services.groupkt.com/country/get/iso2code/US
DEBUG:root: Request:
DEBUG:root: Response:
DEBUG:root:Validating: testGetCustomerForValidTN
DEBUG:root:Validating: http://services.groupkt.com/country/get/iso2code/US
INFO:requests.packages.urllib3.connectionpool:Starting new HTTP connection (1): localhost
DEBUG:requests.packages.urllib3.connectionpool:"GET /weatherDetails HTTP/1.1" 200 None
DEBUG:root: Request:
DEBUG:root: Response:
DEBUG:root:Validating: test_isupper
DEBUG:root:Validating: http://services.groupkt.com/country/get/iso2code/US
DEBUG:root: Request:
DEBUG:root: Response:
DEBUG:root:Validating: test_split
DEBUG:root:Validating: http://services.groupkt.com/country/get/iso2code/US
DEBUG:root: Request:
DEBUG:root: Response:
DEBUG:root:Validating: test_upper
DEBUG:root:Validating: http://services.groupkt.com/country/get/iso2code/US
DEBUG:root: Request:
DEBUG:root: Response:
DEBUG:root:Validating: testGetCustomerForValidTN
DEBUG:root:Validating: http://services.groupkt.com/country/get/iso2code/US
INFO:requests.packages.urllib3.connectionpool:Starting new HTTP connection (1): localhost
DEBUG:requests.packages.urllib3.connectionpool:"GET /weatherDetails HTTP/1.1" 200 None
DEBUG:root: Request:
DEBUG:root: Response:
DEBUG:root:Validating: test_isupper
DEBUG:root:Validating: http://services.groupkt.com/country/get/iso2code/US
DEBUG:root: Request:
DEBUG:root: Response:
DEBUG:root:Validating: test_split
DEBUG:root:Validating: http://services.groupkt.com/country/get/iso2code/US
DEBUG:root: Request:
DEBUG:root: Response:
DEBUG:root:Validating: test_upper
DEBUG:root:Validating: http://services.groupkt.com/country/get/iso2code/US
DEBUG:root: Request:
DEBUG:root: Response:
DEBUG:root:Validating: testGetCustomerForValidTN
DEBUG:root:Validating: http://services.groupkt.com/country/get/iso2code/US
INFO:requests.packages.urllib3.connectionpool:Starting new HTTP connection (1): localhost
DEBUG:requests.packages.urllib3.connectionpool:"GET /weatherDetails HTTP/1.1" 200 None
DEBUG:root: Request:
DEBUG:root: Response:
DEBUG:root:Validating: test_isupper
DEBUG:root:Validating: http://services.groupkt.com/country/get/iso2code/US
DEBUG:root: Request:
DEBUG:root: Response:
DEBUG:root:Validating: test_split
DEBUG:root:Validating: http://services.groupkt.com/country/get/iso2code/US
DEBUG:root: Request:
DEBUG:root: Response:
DEBUG:root:Validating: test_upper
DEBUG:root:Validating: http://services.groupkt.com/country/get/iso2code/US
DEBUG:root: Request:
DEBUG:root: Response:
DEBUG:root:Validating: testGetCustomerForValidTN
DEBUG:root:Validating: http://services.groupkt.com/country/get/iso2code/US
INFO:requests.packages.urllib3.connectionpool:Starting new HTTP connection (1): localhost
DEBUG:requests.packages.urllib3.connectionpool:"GET /weatherDetails HTTP/1.1" 200 None
DEBUG:root: Request:
DEBUG:root: Response:
DEBUG:root:Validating: test_isupper
DEBUG:root:Validating: http://services.groupkt.com/country/get/iso2code/US
DEBUG:root: Request:
DEBUG:root: Response:
DEBUG:root:Validating: test_split
DEBUG:root:Validating: http://services.groupkt.com/country/get/iso2code/US
DEBUG:root: Request:
DEBUG:root: Response:
DEBUG:root:Validating: test_upper
DEBUG:root:Validating: http://services.groupkt.com/country/get/iso2code/US
DEBUG:root: Request:
DEBUG:root: Response:
DEBUG:root:Validating: testGetCustomerForValidTN
DEBUG:root:Validating: http://services.groupkt.com/country/get/iso2code/US
INFO:requests.packages.urllib3.connectionpool:Starting new HTTP connection (1): localhost
DEBUG:requests.packages.urllib3.connectionpool:"GET /weatherDetails HTTP/1.1" 200 None
DEBUG:root: Request:
DEBUG:root: Response:
DEBUG:root:Validating: test_isupper
DEBUG:root:Validating: http://services.groupkt.com/country/get/iso2code/US
DEBUG:root: Request:
DEBUG:root: Response:
DEBUG:root:Validating: test_split
DEBUG:root:Validating: http://services.groupkt.com/country/get/iso2code/US
DEBUG:root: Request:
DEBUG:root: Response:
DEBUG:root:Validating: test_upper
DEBUG:root:Validating: http://services.groupkt.com/country/get/iso2code/US
DEBUG:root: Request:
DEBUG:root: Response:
